<?xml version="1.0" encoding="UTF-8"?>
<!-- Generated by org.testng.reporters.JUnitReportReporter -->
<testsuite hostname="dyp" name="TestCases.Regression1" tests="1" failures="0" timestamp="18 Sep 2019 11:22:16 GMT" time="38.280" errors="0">
  <testcase name="Test_01" time="38.280" classname="TestCases.Regression1"/>
</testsuite> <!-- TestCases.Regression1 -->
