<?xml version="1.0" encoding="UTF-8"?>
<!-- Generated by org.testng.reporters.JUnitReportReporter -->
<testsuite hostname="dyp" name="TestCases.SigninTests" tests="1" failures="0" timestamp="22 Sep 2019 11:04:01 GMT" time="111.823" errors="0">
  <testcase name="test_verify_login_with_invalid_credentials" time="111.823" classname="TestCases.SigninTests"/>
</testsuite> <!-- TestCases.SigninTests -->
